build/app/intermediates/manifest_merge_blame_file/release/manifest-merger-blame-release-report.txt
1<?xml version="1.0" encoding="utf-8"?>
2<manifest xmlns:android="http://schemas.android.com/apk/res/android"
3    package="com.yyc.fyyc"
4    android:versionCode="4001"
5    android:versionName="1.0.0" >
6
7    <uses-sdk
8        android:minSdkVersion="21"
8-->src\main\AndroidManifest.xml
9        android:targetSdkVersion="33" />
9-->src\main\AndroidManifest.xml
10
11    <!-- 网络 -->
12    <uses-feature
12-->src\main\AndroidManifest.xml:5:5-7:36
13        android:name="android.hardware.camera"
13-->src\main\AndroidManifest.xml:6:9-47
14        android:required="false" />
14-->src\main\AndroidManifest.xml:7:9-33
15
16    <uses-permission android:name="android.permission.INTERNET" />
16-->src\main\AndroidManifest.xml:9:5-67
16-->src\main\AndroidManifest.xml:9:22-64
17    <uses-permission android:name="android.permission.ACCESS_NETWORK_STATE" />
17-->src\main\AndroidManifest.xml:10:5-79
17-->src\main\AndroidManifest.xml:10:22-76
18    <uses-permission android:name="android.permission.ACCESS_WIFI_STATE" />
18-->src\main\AndroidManifest.xml:11:5-76
18-->src\main\AndroidManifest.xml:11:22-73
19    <uses-permission android:name="android.permission.WAKE_LOCK" />
19-->src\main\AndroidManifest.xml:12:5-68
19-->src\main\AndroidManifest.xml:12:22-65
20    <!-- 存储 -->
21    <uses-permission android:name="android.permission.READ_EXTERNAL_STORAGE" />
21-->src\main\AndroidManifest.xml:14:5-80
21-->src\main\AndroidManifest.xml:14:22-77
22    <uses-permission android:name="android.permission.WRITE_EXTERNAL_STORAGE" />
22-->src\main\AndroidManifest.xml:15:5-81
22-->src\main\AndroidManifest.xml:15:22-78
23    <uses-permission android:name="android.permission.MEDIA_MOUNTED" />
23-->src\main\AndroidManifest.xml:16:5-72
23-->src\main\AndroidManifest.xml:16:22-69
24    <!-- 相机 -->
25    <uses-permission android:name="android.permission.MODIFY_AUDIO_SETTINGS" />
25-->src\main\AndroidManifest.xml:18:5-80
25-->src\main\AndroidManifest.xml:18:22-77
26    <uses-permission android:name="android.permission.MANAGE_EXTERNAL_STORAGE" />
26-->src\main\AndroidManifest.xml:19:5-82
26-->src\main\AndroidManifest.xml:19:22-79
27    <uses-permission android:name="android.permission.FOREGROUND_SERVICE" />
27-->src\main\AndroidManifest.xml:20:5-77
27-->src\main\AndroidManifest.xml:20:22-74
28    <uses-permission android:name="android.permission.RECORD_AUDIO" />
28-->src\main\AndroidManifest.xml:21:5-71
28-->src\main\AndroidManifest.xml:21:22-68
29    <uses-permission android:name="android.permission.CAMERA" />
29-->src\main\AndroidManifest.xml:22:5-65
29-->src\main\AndroidManifest.xml:22:22-62
30
31    <application
32        android:name="android.app.Application"
32-->src\main\AndroidManifest.xml:26:9-42
33        android:appComponentFactory="androidx.core.app.CoreComponentFactory"
33-->[androidx.core:core:1.6.0] AndroidManifest.xml:24:18-86
34        android:icon="@mipmap/ic_launcher"
34-->src\main\AndroidManifest.xml:27:9-43
35        android:label="fyyc" >
35-->src\main\AndroidManifest.xml:25:9-29
36        <activity
36-->src\main\AndroidManifest.xml:28:9-49:20
37            android:name="com.yyc.fyyc.MainActivity"
37-->src\main\AndroidManifest.xml:29:13-41
38            android:configChanges="orientation|keyboardHidden|keyboard|screenSize|smallestScreenSize|locale|layoutDirection|fontScale|screenLayout|density|uiMode"
38-->src\main\AndroidManifest.xml:34:13-163
39            android:exported="true"
39-->src\main\AndroidManifest.xml:30:13-36
40            android:hardwareAccelerated="true"
40-->src\main\AndroidManifest.xml:35:13-47
41            android:launchMode="singleTop"
41-->src\main\AndroidManifest.xml:31:13-43
42            android:networkSecurityConfig="@xml/network_security_config"
42-->src\main\AndroidManifest.xml:32:13-73
43            android:theme="@style/LaunchTheme"
43-->src\main\AndroidManifest.xml:33:13-47
44            android:windowSoftInputMode="adjustResize" >
44-->src\main\AndroidManifest.xml:36:13-55
45
46            <!--
47                 Specifies an Android theme to apply to this Activity as soon as
48                 the Android process has started. This theme is visible to the user
49                 while the Flutter UI initializes. After that, this theme continues
50                 to determine the Window background behind the Flutter UI.
51            -->
52            <meta-data
52-->src\main\AndroidManifest.xml:41:13-44:17
53                android:name="io.flutter.embedding.android.NormalTheme"
53-->src\main\AndroidManifest.xml:42:15-70
54                android:resource="@style/NormalTheme" />
54-->src\main\AndroidManifest.xml:43:15-52
55
56            <intent-filter>
56-->src\main\AndroidManifest.xml:45:13-48:29
57                <action android:name="android.intent.action.MAIN" />
57-->src\main\AndroidManifest.xml:46:17-68
57-->src\main\AndroidManifest.xml:46:25-66
58
59                <category android:name="android.intent.category.LAUNCHER" />
59-->src\main\AndroidManifest.xml:47:17-76
59-->src\main\AndroidManifest.xml:47:27-74
60            </intent-filter>
61        </activity>
62        <!--
63             Don't delete the meta-data below.
64             This is used by the Flutter tool to generate GeneratedPluginRegistrant.java
65        -->
66        <meta-data
66-->src\main\AndroidManifest.xml:52:9-54:33
67            android:name="flutterEmbedding"
67-->src\main\AndroidManifest.xml:53:13-44
68            android:value="2" />
68-->src\main\AndroidManifest.xml:54:13-30
69
70        <uses-library
70-->[androidx.window:window:1.0.0-beta04] AndroidManifest.xml:25:9-27:40
71            android:name="androidx.window.extensions"
71-->[androidx.window:window:1.0.0-beta04] AndroidManifest.xml:26:13-54
72            android:required="false" />
72-->[androidx.window:window:1.0.0-beta04] AndroidManifest.xml:27:13-37
73        <uses-library
73-->[androidx.window:window:1.0.0-beta04] AndroidManifest.xml:28:9-30:40
74            android:name="androidx.window.sidecar"
74-->[androidx.window:window:1.0.0-beta04] AndroidManifest.xml:29:13-51
75            android:required="false" />
75-->[androidx.window:window:1.0.0-beta04] AndroidManifest.xml:30:13-37
76    </application>
77
78</manifest>